-------------------------------------------------------------------------------
Test set: WebDriverWeightCountGenderButtonTest
-------------------------------------------------------------------------------
Tests run: 3, Failures: 2, Errors: 0, Skipped: 0, Time elapsed: 0.002 sec <<< FAILURE!
WebDriverWeightCountGenderButtonTest.testGenderButtonWithValueFemale()  Time elapsed: 0.001 sec  <<< FAILURE!
java.lang.NullPointerException
	at WebDriverWeightCountGenderButtonTest.testGenderButtonWithValueFemale(WebDriverWeightCountGenderButtonTest.java:28)

WebDriverWeightCountGenderButtonTest.testGenderButtonWithValueMale()  Time elapsed: 0 sec  <<< FAILURE!
java.lang.NullPointerException
	at WebDriverWeightCountGenderButtonTest.testGenderButtonWithValueMale(WebDriverWeightCountGenderButtonTest.java:23)

